<?xml version="1.0" encoding="UTF-8"?>
<testsuite name="com.huangder.lumibooks.util.parser.TxtParserTest" tests="7" skipped="0" failures="0" errors="0" timestamp="2026-07-21T07:13:32" hostname="LAPTOP-L6IPGCHS" time="0.546">
  <properties/>
  <testcase name="indexesManyLineNovelWithoutOpeningTheFilePerLine" classname="com.huangder.lumibooks.util.parser.TxtParserTest" time="0.305"/>
  <testcase name="detectsGbkAndUtf16Bom" classname="com.huangder.lumibooks.util.parser.TxtParserTest" time="0.01"/>
  <testcase name="splitsFallbackTextNearTargetSize" classname="com.huangder.lumibooks.util.parser.TxtParserTest" time="0.007"/>
  <testcase name="parsesUtf8ChaptersWithoutStoringContentInMetadata" classname="com.huangder.lumibooks.util.parser.TxtParserTest" time="0.005"/>
  <testcase name="escapesHtmlOnDemand" classname="com.huangder.lumibooks.util.parser.TxtParserTest" time="0.007"/>
  <testcase name="indexesFourteenMegabyteTxtWithoutReadingWholeBookIntoChapters" classname="com.huangder.lumibooks.util.parser.TxtParserTest" time="0.2"/>
  <testcase name="preservesUtf8CharactersWhenSplittingOneLongLine" classname="com.huangder.lumibooks.util.parser.TxtParserTest" time="0.011"/>
  <system-out><![CDATA[]]></system-out>
  <system-err><![CDATA[]]></system-err>
</testsuite>
