<?xml version="1.0" encoding="UTF-8"?>
<testsuite name="com.huangder.lumibooks.ui.bookshelf.BookshelfSearchFilterTest" tests="3" skipped="0" failures="0" errors="0" timestamp="2026-07-22T13:23:53.561Z" hostname="LAPTOP-L6IPGCHS" time="0.003">
  <properties/>
  <testcase name="matchesTitleAndAuthorIgnoringCase" classname="com.huangder.lumibooks.ui.bookshelf.BookshelfSearchFilterTest" time="0.002"/>
  <testcase name="matchesActualAssignedTagName" classname="com.huangder.lumibooks.ui.bookshelf.BookshelfSearchFilterTest" time="0.001"/>
  <testcase name="blankQueryDoesNotShowResults" classname="com.huangder.lumibooks.ui.bookshelf.BookshelfSearchFilterTest" time="0.0"/>
  <system-out><![CDATA[]]></system-out>
  <system-err><![CDATA[]]></system-err>
</testsuite>
