<?xml version="1.0" encoding="UTF-8"?>
<testsuite name="com.huangder.lumibooks.domain.model.TagNameValidatorTest" tests="3" skipped="0" failures="0" errors="0" timestamp="2026-07-22T13:23:53.381Z" hostname="LAPTOP-L6IPGCHS" time="0.009">
  <properties/>
  <testcase name="acceptsTrimmedNameAtMaximumLength" classname="com.huangder.lumibooks.domain.model.TagNameValidatorTest" time="0.008"/>
  <testcase name="rejectsBlankAndOverlongNames" classname="com.huangder.lumibooks.domain.model.TagNameValidatorTest" time="0.001"/>
  <testcase name="normalizesWhitespaceAndCaseForDuplicateDetection" classname="com.huangder.lumibooks.domain.model.TagNameValidatorTest" time="0.0"/>
  <system-out><![CDATA[]]></system-out>
  <system-err><![CDATA[]]></system-err>
</testsuite>
