<?xml version="1.0" encoding="UTF-8"?>
<testsuite name="com.huangder.lumibooks.ui.welcome.WelcomeInstallStateTest" tests="5" skipped="0" failures="0" errors="0" timestamp="2026-07-21T07:13:32" hostname="LAPTOP-L6IPGCHS" time="0.002">
  <properties/>
  <testcase name="reinstall shows normal welcome even when an old marker was restored" classname="com.huangder.lumibooks.ui.welcome.WelcomeInstallStateTest" time="0.001"/>
  <testcase name="new cover install invalidates the previously completed install" classname="com.huangder.lumibooks.ui.welcome.WelcomeInstallStateTest" time="0.0"/>
  <testcase name="cover install shows update welcome even when app version is unchanged" classname="com.huangder.lumibooks.ui.welcome.WelcomeInstallStateTest" time="0.0"/>
  <testcase name="fresh install shows normal welcome once" classname="com.huangder.lumibooks.ui.welcome.WelcomeInstallStateTest" time="0.0"/>
  <testcase name="missing install marker never suppresses welcome" classname="com.huangder.lumibooks.ui.welcome.WelcomeInstallStateTest" time="0.001"/>
  <system-out><![CDATA[]]></system-out>
  <system-err><![CDATA[]]></system-err>
</testsuite>
