<?xml version="1.0" encoding="UTF-8"?>
<testsuite name="com.huangder.lumibooks.mineru.MineruEpubBuilderTest" tests="3" skipped="0" failures="0" errors="0" timestamp="2026-07-21T07:13:31" hostname="LAPTOP-L6IPGCHS" time="0.107">
  <properties/>
  <testcase name="rejectsPathTraversalInDownloadedZip" classname="com.huangder.lumibooks.mineru.MineruEpubBuilderTest" time="0.045"/>
  <testcase name="parsesUnknownModeAsDisabled" classname="com.huangder.lumibooks.mineru.MineruEpubBuilderTest" time="0.002"/>
  <testcase name="buildsEpubWithChaptersAndRelativeImages" classname="com.huangder.lumibooks.mineru.MineruEpubBuilderTest" time="0.059"/>
  <system-out><![CDATA[]]></system-out>
  <system-err><![CDATA[]]></system-err>
</testsuite>
