<?xml version="1.0" encoding="UTF-8"?>
<testsuite name="com.huangder.lumibooks.ui.reader.engine.JustifiedTextViewTest" tests="6" skipped="0" failures="0" errors="0" timestamp="2026-07-22T13:23:53.575Z" hostname="LAPTOP-L6IPGCHS" time="0.001">
  <properties/>
  <testcase name="justifiesOnlyAutomaticallyWrappedLines" classname="com.huangder.lumibooks.ui.reader.engine.JustifiedTextViewTest" time="0.0"/>
  <testcase name="restoresLetterSpacingThatSingleCharacterDrawingDoesNotRender" classname="com.huangder.lumibooks.ui.reader.engine.JustifiedTextViewTest" time="0.0"/>
  <testcase name="splitsFullPageLineRemainderBetweenTopAndBottom" classname="com.huangder.lumibooks.ui.reader.engine.JustifiedTextViewTest" time="0.001"/>
  <testcase name="pageIndentOnlyStartsAtRealParagraphBoundary" classname="com.huangder.lumibooks.ui.reader.engine.JustifiedTextViewTest" time="0.0"/>
  <testcase name="extendsHighlightToTheActualJustifiedCharacterPosition" classname="com.huangder.lumibooks.ui.reader.engine.JustifiedTextViewTest" time="0.0"/>
  <testcase name="trimsTrailingWhitespaceBeforeJustifyingWrappedLine" classname="com.huangder.lumibooks.ui.reader.engine.JustifiedTextViewTest" time="0.0"/>
  <system-out><![CDATA[]]></system-out>
  <system-err><![CDATA[]]></system-err>
</testsuite>
