<?xml version="1.0" encoding="UTF-8"?>
<testsuite name="com.huangder.lumibooks.pdfconversion.PdfTextReflowFormatterTest" tests="8" skipped="0" failures="0" errors="0" timestamp="2026-07-21T02:34:15" hostname="LAPTOP-L6IPGCHS" time="0.047">
  <properties/>
  <testcase name="removesPdfSpacingBetweenChineseCharacters" classname="com.huangder.lumibooks.pdfconversion.PdfTextReflowFormatterTest" time="0.036"/>
  <testcase name="joinsEnglishLinesAndRemovesSoftHyphenBreak" classname="com.huangder.lumibooks.pdfconversion.PdfTextReflowFormatterTest" time="0.001"/>
  <testcase name="keepsChapterHeadingAsItsOwnParagraph" classname="com.huangder.lumibooks.pdfconversion.PdfTextReflowFormatterTest" time="0.001"/>
  <testcase name="keepsShortNumberedHeadingSeparate" classname="com.huangder.lumibooks.pdfconversion.PdfTextReflowFormatterTest" time="0.007"/>
  <testcase name="joinsPageContinuationWithoutCreatingAParagraph" classname="com.huangder.lumibooks.pdfconversion.PdfTextReflowFormatterTest" time="0.0"/>
  <testcase name="mergesLongNumberedPdfLineWithItsContinuation" classname="com.huangder.lumibooks.pdfconversion.PdfTextReflowFormatterTest" time="0.001"/>
  <testcase name="joinsSoftWrappedChineseLinesWithoutSpaces" classname="com.huangder.lumibooks.pdfconversion.PdfTextReflowFormatterTest" time="0.0"/>
  <testcase name="blankInputProducesBlankOutput" classname="com.huangder.lumibooks.pdfconversion.PdfTextReflowFormatterTest" time="0.0"/>
  <system-out><![CDATA[]]></system-out>
  <system-err><![CDATA[]]></system-err>
</testsuite>
