<?xml version="1.0" encoding="UTF-8"?>
<testsuite name="com.huangder.lumibooks.ui.animation.PageEntranceTrackerTest" tests="6" skipped="0" failures="0" errors="0" timestamp="2026-07-22T13:23:53.550Z" hostname="LAPTOP-L6IPGCHS" time="0.002">
  <properties/>
  <testcase name="pageReplaysAfterCooldown" classname="com.huangder.lumibooks.ui.animation.PageEntranceTrackerTest" time="0.0"/>
  <testcase name="restoredBackStackEntryNeverReplaysAfterCooldown" classname="com.huangder.lumibooks.ui.animation.PageEntranceTrackerTest" time="0.001"/>
  <testcase name="cooldownIsTrackedPerPage" classname="com.huangder.lumibooks.ui.animation.PageEntranceTrackerTest" time="0.0"/>
  <testcase name="freshBackStackEntryCanPlayAfterCooldown" classname="com.huangder.lumibooks.ui.animation.PageEntranceTrackerTest" time="0.001"/>
  <testcase name="defaultCooldownIsTenSeconds" classname="com.huangder.lumibooks.ui.animation.PageEntranceTrackerTest" time="0.0"/>
  <testcase name="firstEntryPlaysAndShortReturnDoesNotReplay" classname="com.huangder.lumibooks.ui.animation.PageEntranceTrackerTest" time="0.0"/>
  <system-out><![CDATA[]]></system-out>
  <system-err><![CDATA[]]></system-err>
</testsuite>
