<?xml version="1.0" encoding="UTF-8"?>
<testsuite name="com.huangder.lumibooks.ui.reader.ReaderFooterProgressTest" tests="3" skipped="0" failures="0" errors="0" timestamp="2026-07-21T02:34:15" hostname="LAPTOP-L6IPGCHS" time="0.003">
  <properties/>
  <testcase name="movingCornerContentClearsItsPreviousCorner" classname="com.huangder.lumibooks.ui.reader.ReaderFooterProgressTest" time="0.002"/>
  <testcase name="formatsReadingProgressWithTwoDecimalPlaces" classname="com.huangder.lumibooks.ui.reader.ReaderFooterProgressTest" time="0.001"/>
  <testcase name="calculatesWholeBookProgressFromChapterAndPage" classname="com.huangder.lumibooks.ui.reader.ReaderFooterProgressTest" time="0.0"/>
  <system-out><![CDATA[]]></system-out>
  <system-err><![CDATA[]]></system-err>
</testsuite>
