<?xml version="1.0" encoding="UTF-8"?>
<testsuite name="com.huangder.lumibooks.util.UpdateCheckerTest" tests="4" skipped="0" failures="0" errors="0" timestamp="2026-07-22T13:23:53.580Z" hostname="LAPTOP-L6IPGCHS" time="0.005">
  <properties/>
  <testcase name="does not report an equal version as an update" classname="com.huangder.lumibooks.util.UpdateCheckerTest" time="0.003"/>
  <testcase name="does not report a remote older version as an update" classname="com.huangder.lumibooks.util.UpdateCheckerTest" time="0.001"/>
  <testcase name="reports a remote newer version as an update" classname="com.huangder.lumibooks.util.UpdateCheckerTest" time="0.0"/>
  <testcase name="accepts a v-prefixed remote version" classname="com.huangder.lumibooks.util.UpdateCheckerTest" time="0.001"/>
  <system-out><![CDATA[]]></system-out>
  <system-err><![CDATA[]]></system-err>
</testsuite>
