<?xml version="1.0" encoding="UTF-8"?>
<testsuite name="com.huangder.lumibooks.tts.TtsTextExtractorTest" tests="3" skipped="0" failures="0" errors="0" timestamp="2026-07-21T07:13:32" hostname="LAPTOP-L6IPGCHS" time="0.003">
  <properties/>
  <testcase name="splitIntoSentences_hardSplitsLongUnpunctuatedText" classname="com.huangder.lumibooks.tts.TtsTextExtractorTest" time="0.002"/>
  <testcase name="splitIntoSentences_removesImagePlaceholderAndBlankText" classname="com.huangder.lumibooks.tts.TtsTextExtractorTest" time="0.0"/>
  <testcase name="splitIntoSentences_keepsChinesePunctuationAndClosingQuote" classname="com.huangder.lumibooks.tts.TtsTextExtractorTest" time="0.001"/>
  <system-out><![CDATA[]]></system-out>
  <system-err><![CDATA[]]></system-err>
</testsuite>
