<?xml version="1.0" encoding="UTF-8"?>
<testsuite name="com.huangder.lumibooks.ui.bookshelf.BookNotesExportFormatterTest" tests="4" skipped="0" failures="0" errors="0" timestamp="2026-07-22T13:23:53.554Z" hostname="LAPTOP-L6IPGCHS" time="0.005">
  <properties/>
  <testcase name="pageExcerptFallsBackWhenPageTextIsUnavailable" classname="com.huangder.lumibooks.ui.bookshelf.BookNotesExportFormatterTest" time="0.001"/>
  <testcase name="pageExcerptCountsUnicodeCodePointsAndUsesFirstParagraph" classname="com.huangder.lumibooks.ui.bookshelf.BookNotesExportFormatterTest" time="0.003"/>
  <testcase name="formatsHighlightsNotesAndBookmarksInSeparateSections" classname="com.huangder.lumibooks.ui.bookshelf.BookNotesExportFormatterTest" time="0.001"/>
  <testcase name="suggestedFileNameRemovesInvalidPathCharacters" classname="com.huangder.lumibooks.ui.bookshelf.BookNotesExportFormatterTest" time="0.0"/>
  <system-out><![CDATA[]]></system-out>
  <system-err><![CDATA[]]></system-err>
</testsuite>
