<?xml version='1.0' encoding='UTF-8' ?>
<testsuite name="com.huangder.lumibooks.ui.reader.engine.ReaderParagraphFormatterTest" tests="10" failures="0" errors="0" skipped="0" time="1.536" timestamp="2026-07-20T02:00:55" hostname="localhost">
  <properties>
    <property name="device" value="24129PN74C - 16" />
    <property name="flavor" value="" />
    <property name="project" value=":app" />
  </properties>
  <testcase name="continuationPageIndentsOnlyParagraphStartingInsidePage" classname="com.huangder.lumibooks.ui.reader.engine.ReaderParagraphFormatterTest" time="0.018" />
  <testcase name="continuationOnlyPageDoesNotKeepCopiedFirstLineIndent" classname="com.huangder.lumibooks.ui.reader.engine.ReaderParagraphFormatterTest" time="0.002" />
  <testcase name="zeroIndentRemovesPreviouslyAppliedReaderIndent" classname="com.huangder.lumibooks.ui.reader.engine.ReaderParagraphFormatterTest" time="0.007" />
  <testcase name="existingWhitespaceIsSupplementedToRequestedIndent" classname="com.huangder.lumibooks.ui.reader.engine.ReaderParagraphFormatterTest" time="0.008" />
  <testcase name="zeroParagraphSpacingLeavesOnlyOneParagraphBreak" classname="com.huangder.lumibooks.ui.reader.engine.ReaderParagraphFormatterTest" time="0.004" />
  <testcase name="paragraphSpacingNormalizesExistingBlankLinesBeforeAddingExactGap" classname="com.huangder.lumibooks.ui.reader.engine.ReaderParagraphFormatterTest" time="0.008" />
  <testcase name="pageStartingAfterParagraphSpacerDoesNotKeepBoundaryLineHeightSpan" classname="com.huangder.lumibooks.ui.reader.engine.ReaderParagraphFormatterTest" time="0.006" />
  <testcase name="indentsTxtBodyButNotTitle" classname="com.huangder.lumibooks.ui.reader.engine.ReaderParagraphFormatterTest" time="0.008" />
  <testcase name="paragraphSpacingSpanNeverCompressesVisibleTextLine" classname="com.huangder.lumibooks.ui.reader.engine.ReaderParagraphFormatterTest" time="0.008" />
  <testcase name="staticLayoutKeepsSpacerSmallAndVisibleLinesAtNormalHeight" classname="com.huangder.lumibooks.ui.reader.engine.ReaderParagraphFormatterTest" time="0.008" />
</testsuite>